<?xml version="1.0" encoding="UTF-8"?>
<!-- Generated by org.testng.reporters.JUnitXMLReporter -->
<testsuite ignored="0" hostname="DESKTOP-95BQ4HS" failures="0" tests="3" name="Default test" time="24.767" errors="0" timestamp="2025-04-22T12:05:12 IST">
  <testcase classname="testpages.LoginPageTest" name="invalidLogin" time="3.572"/>
  <testcase classname="testpages.LoginPageTest" name="login" time="6.645"/>
  <testcase classname="testpages.LoginPageTest" name="validateLoginPageTitle" time="0.016"/>
</testsuite> <!-- Default test -->
