<?xml version="1.0" encoding="UTF-8"?>
<!-- Generated by org.testng.reporters.JUnitXMLReporter -->
<testsuite ignored="0" hostname="DESKTOP-95BQ4HS" failures="0" tests="5" name="Test" time="55.812" errors="0" timestamp="2024-07-16T16:06:00 IST">
  <testcase classname="testpages.LoginPageTest" name="invalidLogin" time="3.529"/>
  <testcase classname="testpages.LoginPageTest" name="login" time="3.474"/>
  <testcase classname="testpages.LoginPageTest" name="validateLoginPageTitle" time="0.01"/>
  <testcase classname="testpages.ManageDataTest" name="addNewInvoice" time="11.541"/>
  <testcase classname="testpages.ManageDataTest" name="addNewInvoice" time="11.646"/>
</testsuite> <!-- Test -->
