<?xml version="1.0" encoding="UTF-8"?>
<testng-results ignored="0" total="1" passed="1" failed="0" skipped="0">
  <reporter-output>
  </reporter-output>
  <suite started-at="2024-04-30T17:35:47 IST" name="Default suite" finished-at="2024-04-30T17:35:47 IST" duration-ms="237">
    <groups>
    </groups>
    <test started-at="2024-04-30T17:35:47 IST" name="Default test" finished-at="2024-04-30T17:35:47 IST" duration-ms="237">
      <class name="BaseTest">
        <test-method signature="print()[pri:0, instance:BaseTest@4b8729ff]" started-at="2024-04-30T17:35:47 IST" name="print" finished-at="2024-04-30T17:35:47 IST" duration-ms="64" status="PASS">
          <reporter-output>
          </reporter-output>
        </test-method> <!-- print -->
      </class> <!-- BaseTest -->
    </test> <!-- Default test -->
  </suite> <!-- Default suite -->
</testng-results>
